<?xml version="1.0" encoding="UTF-8"?>
<testsuite xmlns:xsi="http://www.w3.org/2001/XMLSchema-instance" xsi:noNamespaceSchemaLocation="https://maven.apache.org/surefire/maven-surefire-plugin/xsd/surefire-test-report.xsd" name="com.test.af.web.rest.UserResourceTest" time="5.984" tests="6" errors="0" skipped="0" failures="0">
  <properties>
[...]
</properties>
  <testcase name="testGetUserById_not_found" classname="com.test.af.web.rest.UserResourceTest" time="0.348"/>
  <testcase name="testCreateUser_unauthorized_because_residence_area" classname="com.test.af.web.rest.UserResourceTest" time="1.213"/>
  <testcase name="testCreateUser_unauthorized_because_name_empty" classname="com.test.af.web.rest.UserResourceTest" time="0.039"/>
  <testcase name="testCreateUser" classname="com.test.af.web.rest.UserResourceTest" time="0.102"/>
  <testcase name="testGetUserById" classname="com.test.af.web.rest.UserResourceTest" time="0.456"/>
  <testcase name="testCreateUser_unauthorized_because_age" classname="com.test.af.web.rest.UserResourceTest" time="0.127"/>
</testsuite>